<?xml version="1.0" encoding="UTF-8"?>
<coverage generated="1749825633200" clover="3.2.0">
  <project timestamp="1749825633200" name="All files">
    <metrics statements="31" coveredstatements="31" conditionals="24" coveredconditionals="19" methods="5" coveredmethods="5" elements="60" coveredelements="55" complexity="0" loc="31" ncloc="31" packages="1" files="2" classes="2"/>
    <file name="gilded_rose.js" path="/Users/cigdemelikci/Downloads/TDD_CodeKata3/js/src/gilded_rose.js">
      <metrics statements="27" coveredstatements="27" conditionals="24" coveredconditionals="19" methods="4" coveredmethods="4"/>
      <line num="1" count="1" type="stmt"/>
      <line num="3" count="1" type="stmt"/>
      <line num="6" count="3" type="cond" truecount="2" falsecount="0"/>
      <line num="7" count="2" type="stmt"/>
      <line num="11" count="5" type="cond" truecount="2" falsecount="0"/>
      <line num="12" count="4" type="stmt"/>
      <line num="16" count="10" type="stmt"/>
      <line num="17" count="10" type="cond" truecount="2" falsecount="0"/>
      <line num="20" count="9" type="stmt"/>
      <line num="22" count="9" type="cond" truecount="4" falsecount="0"/>
      <line num="24" count="2" type="cond" truecount="1" falsecount="1"/>
      <line num="25" count="2" type="stmt"/>
      <line num="28" count="4" type="cond" truecount="2" falsecount="0"/>
      <line num="29" count="1" type="stmt"/>
      <line num="30" count="3" type="cond" truecount="2" falsecount="0"/>
      <line num="31" count="1" type="stmt"/>
      <line num="32" count="2" type="cond" truecount="2" falsecount="0"/>
      <line num="33" count="1" type="stmt"/>
      <line num="35" count="1" type="stmt"/>
      <line num="37" count="4" type="stmt"/>
      <line num="40" count="1" type="cond" truecount="1" falsecount="1"/>
      <line num="41" count="1" type="stmt"/>
      <line num="44" count="2" type="cond" truecount="1" falsecount="1"/>
      <line num="49" count="10" type="stmt"/>
      <line num="50" count="10" type="stmt"/>
      <line num="52" count="10" type="stmt"/>
      <line num="56" count="1" type="stmt"/>
    </file>
    <file name="item.js" path="/Users/cigdemelikci/Downloads/TDD_CodeKata3/js/src/item.js">
      <metrics statements="4" coveredstatements="4" conditionals="0" coveredconditionals="0" methods="1" coveredmethods="1"/>
      <line num="2" count="10" type="stmt"/>
      <line num="3" count="10" type="stmt"/>
      <line num="4" count="10" type="stmt"/>
      <line num="7" count="1" type="stmt"/>
    </file>
  </project>
</coverage>
