{"/Users/cigdemelikci/Downloads/TDD_CodeKata3/js/src/gilded_rose.js": {"path":"/Users/cigdemelikci/Downloads/TDD_CodeKata3/js/src/gilded_rose.js","statementMap":{"0":{"start":{"line":1,"column":17},"end":{"line":1,"column":34}},"1":{"start":{"line":3,"column":20},"end":{"line":3,"column":22}},"2":{"start":{"line":6,"column":2},"end":{"line":6,"column":33}},"3":{"start":{"line":6,"column":26},"end":{"line":6,"column":33}},"4":{"start":{"line":7,"column":2},"end":{"line":7,"column":52}},"5":{"start":{"line":11,"column":2},"end":{"line":11,"column":43}},"6":{"start":{"line":11,"column":36},"end":{"line":11,"column":43}},"7":{"start":{"line":12,"column":2},"end":{"line":12,"column":62}},"8":{"start":{"line":16,"column":21},"end":{"line":16,"column":63}},"9":{"start":{"line":17,"column":2},"end":{"line":17,"column":25}},"10":{"start":{"line":17,"column":18},"end":{"line":17,"column":25}},"11":{"start":{"line":20,"column":2},"end":{"line":20,"column":20}},"12":{"start":{"line":22,"column":2},"end":{"line":45,"column":3}},"13":{"start":{"line":24,"column":6},"end":{"line":24,"column":46}},"14":{"start":{"line":25,"column":6},"end":{"line":25,"column":12}},"15":{"start":{"line":28,"column":6},"end":{"line":36,"column":7}},"16":{"start":{"line":29,"column":8},"end":{"line":29,"column":25}},"17":{"start":{"line":30,"column":13},"end":{"line":36,"column":7}},"18":{"start":{"line":31,"column":8},"end":{"line":31,"column":25}},"19":{"start":{"line":32,"column":13},"end":{"line":36,"column":7}},"20":{"start":{"line":33,"column":8},"end":{"line":33,"column":25}},"21":{"start":{"line":35,"column":8},"end":{"line":35,"column":25}},"22":{"start":{"line":37,"column":6},"end":{"line":37,"column":12}},"23":{"start":{"line":40,"column":6},"end":{"line":40,"column":46}},"24":{"start":{"line":41,"column":6},"end":{"line":41,"column":12}},"25":{"start":{"line":44,"column":6},"end":{"line":44,"column":46}},"26":{"start":{"line":49,"column":2},"end":{"line":51,"column":3}},"27":{"start":{"line":50,"column":4},"end":{"line":50,"column":21}},"28":{"start":{"line":52,"column":2},"end":{"line":52,"column":15}},"29":{"start":{"line":56,"column":0},"end":{"line":59,"column":2}}},"fnMap":{"0":{"name":"degrade","decl":{"start":{"line":5,"column":9},"end":{"line":5,"column":16}},"loc":{"start":{"line":5,"column":35},"end":{"line":8,"column":1}},"line":5},"1":{"name":"improve","decl":{"start":{"line":10,"column":9},"end":{"line":10,"column":16}},"loc":{"start":{"line":10,"column":35},"end":{"line":13,"column":1}},"line":10},"2":{"name":"updateItem","decl":{"start":{"line":15,"column":9},"end":{"line":15,"column":19}},"loc":{"start":{"line":15,"column":26},"end":{"line":46,"column":1}},"line":15},"3":{"name":"update_quality","decl":{"start":{"line":48,"column":9},"end":{"line":48,"column":23}},"loc":{"start":{"line":48,"column":31},"end":{"line":53,"column":1}},"line":48}},"branchMap":{"0":{"loc":{"start":{"line":5,"column":23},"end":{"line":5,"column":33}},"type":"default-arg","locations":[{"start":{"line":5,"column":32},"end":{"line":5,"column":33}}],"line":5},"1":{"loc":{"start":{"line":6,"column":2},"end":{"line":6,"column":33}},"type":"if","locations":[{"start":{"line":6,"column":2},"end":{"line":6,"column":33}},{"start":{},"end":{}}],"line":6},"2":{"loc":{"start":{"line":10,"column":23},"end":{"line":10,"column":33}},"type":"default-arg","locations":[{"start":{"line":10,"column":32},"end":{"line":10,"column":33}}],"line":10},"3":{"loc":{"start":{"line":11,"column":2},"end":{"line":11,"column":43}},"type":"if","locations":[{"start":{"line":11,"column":2},"end":{"line":11,"column":43}},{"start":{},"end":{}}],"line":11},"4":{"loc":{"start":{"line":17,"column":2},"end":{"line":17,"column":25}},"type":"if","locations":[{"start":{"line":17,"column":2},"end":{"line":17,"column":25}},{"start":{},"end":{}}],"line":17},"5":{"loc":{"start":{"line":22,"column":2},"end":{"line":45,"column":3}},"type":"switch","locations":[{"start":{"line":23,"column":4},"end":{"line":25,"column":12}},{"start":{"line":27,"column":4},"end":{"line":37,"column":12}},{"start":{"line":39,"column":4},"end":{"line":41,"column":12}},{"start":{"line":43,"column":4},"end":{"line":44,"column":46}}],"line":22},"6":{"loc":{"start":{"line":24,"column":20},"end":{"line":24,"column":44}},"type":"cond-expr","locations":[{"start":{"line":24,"column":39},"end":{"line":24,"column":40}},{"start":{"line":24,"column":43},"end":{"line":24,"column":44}}],"line":24},"7":{"loc":{"start":{"line":28,"column":6},"end":{"line":36,"column":7}},"type":"if","locations":[{"start":{"line":28,"column":6},"end":{"line":36,"column":7}},{"start":{"line":30,"column":13},"end":{"line":36,"column":7}}],"line":28},"8":{"loc":{"start":{"line":30,"column":13},"end":{"line":36,"column":7}},"type":"if","locations":[{"start":{"line":30,"column":13},"end":{"line":36,"column":7}},{"start":{"line":32,"column":13},"end":{"line":36,"column":7}}],"line":30},"9":{"loc":{"start":{"line":32,"column":13},"end":{"line":36,"column":7}},"type":"if","locations":[{"start":{"line":32,"column":13},"end":{"line":36,"column":7}},{"start":{"line":34,"column":13},"end":{"line":36,"column":7}}],"line":32},"10":{"loc":{"start":{"line":40,"column":20},"end":{"line":40,"column":44}},"type":"cond-expr","locations":[{"start":{"line":40,"column":39},"end":{"line":40,"column":40}},{"start":{"line":40,"column":43},"end":{"line":40,"column":44}}],"line":40},"11":{"loc":{"start":{"line":44,"column":20},"end":{"line":44,"column":44}},"type":"cond-expr","locations":[{"start":{"line":44,"column":39},"end":{"line":44,"column":40}},{"start":{"line":44,"column":43},"end":{"line":44,"column":44}}],"line":44}},"s":{"0":1,"1":1,"2":3,"3":1,"4":2,"5":5,"6":1,"7":4,"8":10,"9":10,"10":1,"11":9,"12":9,"13":2,"14":2,"15":4,"16":1,"17":3,"18":1,"19":2,"20":1,"21":1,"22":4,"23":1,"24":1,"25":2,"26":10,"27":10,"28":10,"29":1},"f":{"0":3,"1":5,"2":10,"3":10},"b":{"0":[0],"1":[1,2],"2":[0],"3":[1,4],"4":[1,9],"5":[2,4,1,2],"6":[0,2],"7":[1,3],"8":[1,2],"9":[1,1],"10":[0,1],"11":[0,2]},"_coverageSchema":"1a1c01bbd47fc00a2c39e90264f33305004495a9","hash":"34a05edc3ba45b900c0b4c9493d600c920db1f41"}
,"/Users/cigdemelikci/Downloads/TDD_CodeKata3/js/src/item.js": {"path":"/Users/cigdemelikci/Downloads/TDD_CodeKata3/js/src/item.js","statementMap":{"0":{"start":{"line":2,"column":2},"end":{"line":2,"column":19}},"1":{"start":{"line":3,"column":2},"end":{"line":3,"column":24}},"2":{"start":{"line":4,"column":2},"end":{"line":4,"column":25}},"3":{"start":{"line":7,"column":0},"end":{"line":9,"column":2}}},"fnMap":{"0":{"name":"Item","decl":{"start":{"line":1,"column":9},"end":{"line":1,"column":13}},"loc":{"start":{"line":1,"column":37},"end":{"line":5,"column":1}},"line":1}},"branchMap":{},"s":{"0":10,"1":10,"2":10,"3":1},"f":{"0":10},"b":{},"_coverageSchema":"1a1c01bbd47fc00a2c39e90264f33305004495a9","hash":"69a6ffff47d16a7e84e37ab17d2aec6b26d247dd"}
}
