TN:
SF:js/src/gilded_rose.js
FN:5,degrade
FN:10,improve
FN:15,updateItem
FN:48,update_quality
FNF:4
FNH:4
FNDA:3,degrade
FNDA:5,improve
FNDA:10,updateItem
FNDA:10,update_quality
DA:1,1
DA:3,1
DA:6,3
DA:7,2
DA:11,5
DA:12,4
DA:16,10
DA:17,10
DA:20,9
DA:22,9
DA:24,2
DA:25,2
DA:28,4
DA:29,1
DA:30,3
DA:31,1
DA:32,2
DA:33,1
DA:35,1
DA:37,4
DA:40,1
DA:41,1
DA:44,2
DA:49,10
DA:50,10
DA:52,10
DA:56,1
LF:27
LH:27
BRDA:5,0,0,0
BRDA:6,1,0,1
BRDA:6,1,1,2
BRDA:10,2,0,0
BRDA:11,3,0,1
BRDA:11,3,1,4
BRDA:17,4,0,1
BRDA:17,4,1,9
BRDA:22,5,0,2
BRDA:22,5,1,4
BRDA:22,5,2,1
BRDA:22,5,3,2
BRDA:24,6,0,0
BRDA:24,6,1,2
BRDA:28,7,0,1
BRDA:28,7,1,3
BRDA:30,8,0,1
BRDA:30,8,1,2
BRDA:32,9,0,1
BRDA:32,9,1,1
BRDA:40,10,0,0
BRDA:40,10,1,1
BRDA:44,11,0,0
BRDA:44,11,1,2
BRF:24
BRH:19
end_of_record
TN:
SF:js/src/item.js
FN:1,Item
FNF:1
FNH:1
FNDA:10,Item
DA:2,10
DA:3,10
DA:4,10
DA:7,1
LF:4
LH:4
BRF:0
BRH:0
end_of_record
